<?xml version="1.0" encoding="UTF-8"?>
<testng-results ignored="0" total="1" passed="1" failed="0" skipped="0">
  <reporter-output>
  </reporter-output>
  <suite started-at="2025-04-23T17:05:03 IST" name="Default suite" finished-at="2025-04-23T17:05:03 IST" duration-ms="41">
    <groups>
    </groups>
    <test started-at="2025-04-23T17:05:03 IST" name="Default test" finished-at="2025-04-23T17:05:03 IST" duration-ms="41">
      <class name="ProofOfDelivery.SendingPostRequestToSubmitProofOfDelivery">
        <test-method signature="test()[pri:0, instance:ProofOfDelivery.SendingPostRequestToSubmitProofOfDelivery@279fedbd]" started-at="2025-04-23T17:05:03 IST" name="test" finished-at="2025-04-23T17:05:03 IST" duration-ms="7" status="PASS">
          <reporter-output>
          </reporter-output>
        </test-method> <!-- test -->
      </class> <!-- ProofOfDelivery.SendingPostRequestToSubmitProofOfDelivery -->
    </test> <!-- Default test -->
  </suite> <!-- Default suite -->
</testng-results>
